<?xml version="1.0" encoding="UTF-8"?>
<testng-results ignored="0" total="3" passed="3" failed="0" skipped="0">
  <reporter-output>
  </reporter-output>
  <suite started-at="2023-08-25T19:14:49 IST" name="Default suite" finished-at="2023-08-25T19:14:56 IST" duration-ms="6863">
    <groups>
      <group name="cucumber">
        <method signature="AbstractTestNGCucumberTests.runScenario(io.cucumber.testng.PickleWrapper,io.cucumber.testng.FeatureWrapper)[pri:0, instance:Runners.ScenarioOutlineRunner@2dc54ad4]" name="runScenario" class="io.cucumber.testng.AbstractTestNGCucumberTests"/>
      </group> <!-- cucumber -->
    </groups>
    <test started-at="2023-08-25T19:14:49 IST" name="Default test" finished-at="2023-08-25T19:14:56 IST" duration-ms="6863">
      <class name="Runners.ScenarioOutlineRunner">
        <test-method is-config="true" signature="setUpClass(org.testng.ITestContext)[pri:0, instance:Runners.ScenarioOutlineRunner@2dc54ad4]" started-at="2023-08-25T19:14:49 IST" name="setUpClass" finished-at="2023-08-25T19:14:51 IST" duration-ms="1762" status="PASS">
          <params>
            <param index="0">
              <value>
                <![CDATA[org.testng.TestRunner@3047254d]]>
              </value>
            </param>
          </params>
          <reporter-output>
          </reporter-output>
        </test-method> <!-- setUpClass -->
        <test-method signature="runScenario(io.cucumber.testng.PickleWrapper,io.cucumber.testng.FeatureWrapper)[pri:0, instance:Runners.ScenarioOutlineRunner@2dc54ad4]" started-at="2023-08-25T19:14:51 IST" name="runScenario" description="Runs Cucumber Scenarios" data-provider="scenarios" finished-at="2023-08-25T19:14:51 IST" duration-ms="495" status="PASS">
          <params>
            <param index="0">
              <value>
                <![CDATA["Signup to application with multiple test data"]]>
              </value>
            </param>
            <param index="1">
              <value>
                <![CDATA["Signup functionality"]]>
              </value>
            </param>
          </params>
          <reporter-output>
          </reporter-output>
        </test-method> <!-- runScenario -->
        <test-method signature="runScenario(io.cucumber.testng.PickleWrapper,io.cucumber.testng.FeatureWrapper)[pri:0, instance:Runners.ScenarioOutlineRunner@2dc54ad4]" started-at="2023-08-25T19:14:51 IST" name="runScenario" description="Runs Cucumber Scenarios" data-provider="scenarios" finished-at="2023-08-25T19:14:51 IST" duration-ms="53" status="PASS">
          <params>
            <param index="0">
              <value>
                <![CDATA["Signup to application with multiple test data"]]>
              </value>
            </param>
            <param index="1">
              <value>
                <![CDATA["Signup functionality"]]>
              </value>
            </param>
          </params>
          <reporter-output>
          </reporter-output>
        </test-method> <!-- runScenario -->
        <test-method signature="runScenario(io.cucumber.testng.PickleWrapper,io.cucumber.testng.FeatureWrapper)[pri:0, instance:Runners.ScenarioOutlineRunner@2dc54ad4]" started-at="2023-08-25T19:14:51 IST" name="runScenario" description="Runs Cucumber Scenarios" data-provider="scenarios" finished-at="2023-08-25T19:14:51 IST" duration-ms="54" status="PASS">
          <params>
            <param index="0">
              <value>
                <![CDATA["Signup to application with multiple test data"]]>
              </value>
            </param>
            <param index="1">
              <value>
                <![CDATA["Signup functionality"]]>
              </value>
            </param>
          </params>
          <reporter-output>
          </reporter-output>
        </test-method> <!-- runScenario -->
        <test-method is-config="true" signature="tearDownClass()[pri:0, instance:Runners.ScenarioOutlineRunner@2dc54ad4]" started-at="2023-08-25T19:14:51 IST" name="tearDownClass" finished-at="2023-08-25T19:14:56 IST" duration-ms="4386" status="PASS">
          <reporter-output>
          </reporter-output>
        </test-method> <!-- tearDownClass -->
      </class> <!-- Runners.ScenarioOutlineRunner -->
    </test> <!-- Default test -->
  </suite> <!-- Default suite -->
</testng-results>
